{"log":
 [{"message":
   ".> ELAN=elan ELAN_HOME=/home/runner/.elan ELAN_TOOLCHAIN=leanprover/lean4:v4.20.0-rc5 LAKE=/home/runner/.elan/toolchains/leanprover--lean4---v4.20.0-rc5/bin/lake LAKE_HOME=/home/runner/.elan/toolchains/leanprover--lean4---v4.20.0-rc5 LAKE_PKG_URL_MAP={} LEAN=/home/runner/.elan/toolchains/leanprover--lean4---v4.20.0-rc5/bin/lean LEAN_GITHASH=81b85203c90439fb7d7e0cec32130d62d8cb7a2e LEAN_SYSROOT=/home/runner/.elan/toolchains/leanprover--lean4---v4.20.0-rc5 LEAN_AR=/home/runner/.elan/toolchains/leanprover--lean4---v4.20.0-rc5/bin/llvm-ar LEAN_CC= LEAN_PATH=/home/runner/work/proof/proof/.lake/packages/MD4Lean/.lake/build/lib/lean:/home/runner/work/proof/proof/.lake/packages/BibtexQuery/.lake/build/lib/lean:/home/runner/work/proof/proof/.lake/packages/UnicodeBasic/.lake/build/lib/lean:/home/runner/work/proof/proof/.lake/packages/Cli/.lake/build/lib/lean:/home/runner/work/proof/proof/.lake/packages/Qq/.lake/build/lib/lean:/home/runner/work/proof/proof/.lake/packages/aesop/.lake/build/lib/lean:/home/runner/work/proof/proof/.lake/packages/proofwidgets/.lake/build/lib/lean:/home/runner/work/proof/proof/.lake/packages/importGraph/.lake/build/lib/lean:/home/runner/work/proof/proof/.lake/packages/LeanSearchClient/.lake/build/lib/lean:/home/runner/work/proof/proof/.lake/packages/plausible/.lake/build/lib/lean:/home/runner/work/proof/proof/.lake/packages/doc-gen4/.lake/build/lib/lean:/home/runner/work/proof/proof/.lake/packages/mathlib/.lake/build/lib/lean:/home/runner/work/proof/proof/.lake/packages/batteries/.lake/build/lib/lean:/home/runner/work/proof/proof/.lake/build/lib/lean:/home/runner/.elan/toolchains/leanprover--lean4---v4.20.0-rc5/lib/lean LEAN_SRC_PATH=/home/runner/work/proof/proof/.lake/packages/MD4Lean:/home/runner/work/proof/proof/.lake/packages/MD4Lean:/home/runner/work/proof/proof/.lake/packages/BibtexQuery:/home/runner/work/proof/proof/.lake/packages/UnicodeBasic:/home/runner/work/proof/proof/.lake/packages/UnicodeBasic:/home/runner/work/proof/proof/.lake/packages/Cli:/home/runner/work/proof/proof/.lake/packages/Qq:/home/runner/work/proof/proof/.lake/packages/aesop:/home/runner/work/proof/proof/.lake/packages/aesop:/home/runner/work/proof/proof/.lake/packages/proofwidgets:/home/runner/work/proof/proof/.lake/packages/proofwidgets:/home/runner/work/proof/proof/.lake/packages/importGraph:/home/runner/work/proof/proof/.lake/packages/importGraph:/home/runner/work/proof/proof/.lake/packages/LeanSearchClient:/home/runner/work/proof/proof/.lake/packages/LeanSearchClient:/home/runner/work/proof/proof/.lake/packages/plausible:/home/runner/work/proof/proof/.lake/packages/plausible:/home/runner/work/proof/proof/.lake/packages/doc-gen4:/home/runner/work/proof/proof/.lake/packages/mathlib:/home/runner/work/proof/proof/.lake/packages/mathlib:/home/runner/work/proof/proof/.lake/packages/mathlib:/home/runner/work/proof/proof/.lake/packages/mathlib:/home/runner/work/proof/proof/.lake/packages/mathlib:/home/runner/work/proof/proof/.lake/packages/mathlib:/home/runner/work/proof/proof/.lake/packages/mathlib:/home/runner/work/proof/proof/.lake/packages/batteries:/home/runner/work/proof/proof/.lake/packages/batteries:/home/runner/work/proof/proof:/home/runner/work/proof/proof:/home/runner/work/proof/proof:/home/runner/.elan/toolchains/leanprover--lean4---v4.20.0-rc5/src/lean/lake PATH LD_LIBRARY_PATH=/home/runner/.elan/toolchains/leanprover--lean4---v4.20.0-rc5/lib/lean:/home/runner/.elan/toolchains/leanprover--lean4---v4.20.0-rc5/lib:/home/runner/work/proof/proof/.lake/build/lib:/home/runner/work/proof/proof/.lake/packages/batteries/.lake/build/lib:/home/runner/work/proof/proof/.lake/packages/mathlib/.lake/build/lib:/home/runner/work/proof/proof/.lake/packages/doc-gen4/.lake/build/lib:/home/runner/work/proof/proof/.lake/packages/plausible/.lake/build/lib:/home/runner/work/proof/proof/.lake/packages/LeanSearchClient/.lake/build/lib:/home/runner/work/proof/proof/.lake/packages/importGraph/.lake/build/lib:/home/runner/work/proof/proof/.lake/packages/proofwidgets/.lake/build/lib:/home/runner/work/proof/proof/.lake/packages/aesop/.lake/build/lib:/home/runner/work/proof/proof/.lake/packages/Qq/.lake/build/lib:/home/runner/work/proof/proof/.lake/packages/Cli/.lake/build/lib:/home/runner/work/proof/proof/.lake/packages/UnicodeBasic/.lake/build/lib:/home/runner/work/proof/proof/.lake/packages/BibtexQuery/.lake/build/lib:/home/runner/work/proof/proof/.lake/packages/MD4Lean/.lake/build/lib /home/runner/work/proof/proof/.lake/packages/doc-gen4/.lake/build/bin/doc-gen4 single --build /home/runner/work/proof/proof/.lake/build Mathlib.Init https://github.com/leanprover-community/mathlib4/blob/204073901309c86875d45be37ec254aa09d9227e/Mathlib/Init.lean",
   "level": "trace"}],
 "inputs":
 [["<collection>",
   [["/home/runner/work/proof/proof/.lake/build/doc/Mathlib/Tactic/Linter/DeprecatedSyntaxLinter.html",
     "9367982296643096991"],
    ["/home/runner/work/proof/proof/.lake/build/doc/Mathlib/Tactic/Linter/DirectoryDependency.html",
     "13544962990214448661"],
    ["/home/runner/work/proof/proof/.lake/build/doc/Mathlib/Tactic/Linter/DocPrime.html",
     "12811126908214670282"],
    ["/home/runner/work/proof/proof/.lake/build/doc/Mathlib/Tactic/Linter/DocString.html",
     "4009982418047706357"],
    ["/home/runner/work/proof/proof/.lake/build/doc/Mathlib/Tactic/Linter/GlobalAttributeIn.html",
     "400025134887917044"],
    ["/home/runner/work/proof/proof/.lake/build/doc/Mathlib/Tactic/Linter/HashCommandLinter.html",
     "14274407312462491144"],
    ["/home/runner/work/proof/proof/.lake/build/doc/Mathlib/Tactic/Linter/Header.html",
     "7829700291034198213"],
    ["/home/runner/work/proof/proof/.lake/build/doc/Mathlib/Tactic/Linter/FlexibleLinter.html",
     "3524634364323049472"],
    ["/home/runner/work/proof/proof/.lake/build/doc/Mathlib/Tactic/Linter/Lint.html",
     "12950161746783107257"],
    ["/home/runner/work/proof/proof/.lake/build/doc/Mathlib/Tactic/Linter/Multigoal.html",
     "7910548545888290975"],
    ["/home/runner/work/proof/proof/.lake/build/doc/Mathlib/Tactic/Linter/OldObtain.html",
     "5369854195897204270"],
    ["/home/runner/work/proof/proof/.lake/build/doc/Mathlib/Tactic/Linter/UnusedTacticExtension.html",
     "503757854345632802"],
    ["/home/runner/work/proof/proof/.lake/build/doc/Mathlib/Tactic/Linter/UnusedTactic.html",
     "5690498162470553667"],
    ["/home/runner/work/proof/proof/.lake/build/doc/Mathlib/Tactic/Linter/Style.html",
     "9861822325748672222"]]],
  ["/home/runner/work/proof/proof/.lake/build/doc-data/references.json",
   "15491072751722725999"],
  ["/home/runner/work/proof/proof/.lake/packages/doc-gen4/.lake/build/bin/doc-gen4",
   "4127154150536434786"],
  ["Mathlib.Init:leanArts", "11345189391806332149"]],
 "depHash": "4939847095295568754"}