{"log":
 [{"message":
   ".> ELAN=elan ELAN_HOME=/home/runner/.elan ELAN_TOOLCHAIN=leanprover/lean4:v4.20.0-rc5 LAKE=/home/runner/.elan/toolchains/leanprover--lean4---v4.20.0-rc5/bin/lake LAKE_HOME=/home/runner/.elan/toolchains/leanprover--lean4---v4.20.0-rc5 LAKE_PKG_URL_MAP={} LEAN=/home/runner/.elan/toolchains/leanprover--lean4---v4.20.0-rc5/bin/lean LEAN_GITHASH=81b85203c90439fb7d7e0cec32130d62d8cb7a2e LEAN_SYSROOT=/home/runner/.elan/toolchains/leanprover--lean4---v4.20.0-rc5 LEAN_AR=/home/runner/.elan/toolchains/leanprover--lean4---v4.20.0-rc5/bin/llvm-ar LEAN_CC= LEAN_PATH=/home/runner/work/proof/proof/.lake/packages/MD4Lean/.lake/build/lib/lean:/home/runner/work/proof/proof/.lake/packages/BibtexQuery/.lake/build/lib/lean:/home/runner/work/proof/proof/.lake/packages/UnicodeBasic/.lake/build/lib/lean:/home/runner/work/proof/proof/.lake/packages/Cli/.lake/build/lib/lean:/home/runner/work/proof/proof/.lake/packages/Qq/.lake/build/lib/lean:/home/runner/work/proof/proof/.lake/packages/aesop/.lake/build/lib/lean:/home/runner/work/proof/proof/.lake/packages/proofwidgets/.lake/build/lib/lean:/home/runner/work/proof/proof/.lake/packages/importGraph/.lake/build/lib/lean:/home/runner/work/proof/proof/.lake/packages/LeanSearchClient/.lake/build/lib/lean:/home/runner/work/proof/proof/.lake/packages/plausible/.lake/build/lib/lean:/home/runner/work/proof/proof/.lake/packages/doc-gen4/.lake/build/lib/lean:/home/runner/work/proof/proof/.lake/packages/mathlib/.lake/build/lib/lean:/home/runner/work/proof/proof/.lake/packages/batteries/.lake/build/lib/lean:/home/runner/work/proof/proof/.lake/build/lib/lean:/home/runner/.elan/toolchains/leanprover--lean4---v4.20.0-rc5/lib/lean LEAN_SRC_PATH=/home/runner/work/proof/proof/.lake/packages/MD4Lean:/home/runner/work/proof/proof/.lake/packages/MD4Lean:/home/runner/work/proof/proof/.lake/packages/BibtexQuery:/home/runner/work/proof/proof/.lake/packages/UnicodeBasic:/home/runner/work/proof/proof/.lake/packages/UnicodeBasic:/home/runner/work/proof/proof/.lake/packages/Cli:/home/runner/work/proof/proof/.lake/packages/Qq:/home/runner/work/proof/proof/.lake/packages/aesop:/home/runner/work/proof/proof/.lake/packages/aesop:/home/runner/work/proof/proof/.lake/packages/proofwidgets:/home/runner/work/proof/proof/.lake/packages/proofwidgets:/home/runner/work/proof/proof/.lake/packages/importGraph:/home/runner/work/proof/proof/.lake/packages/importGraph:/home/runner/work/proof/proof/.lake/packages/LeanSearchClient:/home/runner/work/proof/proof/.lake/packages/LeanSearchClient:/home/runner/work/proof/proof/.lake/packages/plausible:/home/runner/work/proof/proof/.lake/packages/plausible:/home/runner/work/proof/proof/.lake/packages/doc-gen4:/home/runner/work/proof/proof/.lake/packages/mathlib:/home/runner/work/proof/proof/.lake/packages/mathlib:/home/runner/work/proof/proof/.lake/packages/mathlib:/home/runner/work/proof/proof/.lake/packages/mathlib:/home/runner/work/proof/proof/.lake/packages/mathlib:/home/runner/work/proof/proof/.lake/packages/mathlib:/home/runner/work/proof/proof/.lake/packages/mathlib:/home/runner/work/proof/proof/.lake/packages/batteries:/home/runner/work/proof/proof/.lake/packages/batteries:/home/runner/work/proof/proof:/home/runner/work/proof/proof:/home/runner/work/proof/proof:/home/runner/.elan/toolchains/leanprover--lean4---v4.20.0-rc5/src/lean/lake PATH LD_LIBRARY_PATH=/home/runner/.elan/toolchains/leanprover--lean4---v4.20.0-rc5/lib/lean:/home/runner/.elan/toolchains/leanprover--lean4---v4.20.0-rc5/lib:/home/runner/work/proof/proof/.lake/build/lib:/home/runner/work/proof/proof/.lake/packages/batteries/.lake/build/lib:/home/runner/work/proof/proof/.lake/packages/mathlib/.lake/build/lib:/home/runner/work/proof/proof/.lake/packages/doc-gen4/.lake/build/lib:/home/runner/work/proof/proof/.lake/packages/plausible/.lake/build/lib:/home/runner/work/proof/proof/.lake/packages/LeanSearchClient/.lake/build/lib:/home/runner/work/proof/proof/.lake/packages/importGraph/.lake/build/lib:/home/runner/work/proof/proof/.lake/packages/proofwidgets/.lake/build/lib:/home/runner/work/proof/proof/.lake/packages/aesop/.lake/build/lib:/home/runner/work/proof/proof/.lake/packages/Qq/.lake/build/lib:/home/runner/work/proof/proof/.lake/packages/Cli/.lake/build/lib:/home/runner/work/proof/proof/.lake/packages/UnicodeBasic/.lake/build/lib:/home/runner/work/proof/proof/.lake/packages/BibtexQuery/.lake/build/lib:/home/runner/work/proof/proof/.lake/packages/MD4Lean/.lake/build/lib /home/runner/work/proof/proof/.lake/packages/doc-gen4/.lake/build/bin/doc-gen4 single --build /home/runner/work/proof/proof/.lake/build Minimal.Reduction.Parallel.Confluence https://github.com/objectionary/proof/blob/4df44657b2a64166315ad011fedac0bc40cbee43/Minimal/Reduction/Parallel/Confluence.lean",
   "level": "trace"}],
 "inputs":
 [["<collection>",
   [["/home/runner/work/proof/proof/.lake/build/doc/Minimal/Term.html",
     "12440739457269851643"],
    ["/home/runner/work/proof/proof/.lake/build/doc/Minimal/Reduction/Parallel/AuxilaryProperties.html",
     "752915727562168871"],
    ["/home/runner/work/proof/proof/.lake/build/doc/Minimal/Reduction/Parallel/Definition.html",
     "13216847532115321149"],
    ["/home/runner/work/proof/proof/.lake/build/doc/Minimal/Reduction/Parallel/Substitution.html",
     "6303008300586778942"]]],
  ["/home/runner/work/proof/proof/.lake/build/doc-data/references.json",
   "15491072751722725999"],
  ["/home/runner/work/proof/proof/.lake/packages/doc-gen4/.lake/build/bin/doc-gen4",
   "4127154150536434786"],
  ["Minimal.Reduction.Parallel.Confluence:leanArts", "4946250301268043165"]],
 "depHash": "9553989939571837411"}